<testsuites id="" name="" tests="4" failures="0" skipped="0" errors="0" time="181.636201">
<testsuite name="ICICI\ICEL.spec.ts" timestamp="2025-02-26T11:52:23.640Z" hostname="chromium" tests="1" failures="0" skipped="0" time="83.907" errors="0">
<testcase name="ICICI Elevate" classname="ICICI\ICEL.spec.ts" time="83.907">
</testcase>
</testsuite>
<testsuite name="Star\SCP.spec.ts" timestamp="2025-02-26T11:52:23.640Z" hostname="chromium" tests="1" failures="0" skipped="0" time="91.759" errors="0">
<testcase name="SCP" classname="Star\SCP.spec.ts" time="91.759">
</testcase>
</testsuite>
<testsuite name="Star\SHP.spec.ts" timestamp="2025-02-26T11:52:23.640Z" hostname="chromium" tests="1" failures="0" skipped="0" time="91.484" errors="0">
<testcase name="SHP" classname="Star\SHP.spec.ts" time="91.484">
</testcase>
</testsuite>
<testsuite name="Star\SWC.spec.ts" timestamp="2025-02-26T11:52:23.640Z" hostname="chromium" tests="1" failures="0" skipped="0" time="87.153" errors="0">
<testcase name="SWC" classname="Star\SWC.spec.ts" time="87.153">
</testcase>
</testsuite>
</testsuites>