<testsuites id="" name="" tests="1" failures="0" skipped="0" errors="0" time="188.70974400001765">
<testsuite name="Star\SHP.spec.ts" timestamp="2025-03-01T06:58:50.821Z" hostname="chromium" tests="1" failures="0" skipped="0" time="184.948" errors="0">
<testcase name="SHP" classname="Star\SHP.spec.ts" time="184.948">
</testcase>
</testsuite>
</testsuites>